Traceback (most recent call last):
  File "C:\Users\52377\.conda\envs\chem508\lib\site-packages\jupyter_core\utils\__init__.py", line 154, in wrapped
    asyncio.get_running_loop()
RuntimeError: no running event loop

During handling of the above exception, another exception occurred:

Traceback (most recent call last):
  File "C:\Users\52377\.conda\envs\chem508\lib\site-packages\jupyter_cache\executors\utils.py", line 58, in single_nb_execution
    executenb(
  File "C:\Users\52377\.conda\envs\chem508\lib\site-packages\nbclient\client.py", line 1319, in execute
    return NotebookClient(nb=nb, resources=resources, km=km, **kwargs).execute()
  File "C:\Users\52377\.conda\envs\chem508\lib\site-packages\jupyter_core\utils\__init__.py", line 158, in wrapped
    return loop.run_until_complete(inner)
  File "C:\Users\52377\.conda\envs\chem508\lib\asyncio\base_events.py", line 649, in run_until_complete
    return future.result()
  File "C:\Users\52377\.conda\envs\chem508\lib\site-packages\nbclient\client.py", line 709, in async_execute
    await self.async_execute_cell(
  File "C:\Users\52377\.conda\envs\chem508\lib\site-packages\nbclient\client.py", line 1062, in async_execute_cell
    await self._check_raise_for_error(cell, cell_index, exec_reply)
  File "C:\Users\52377\.conda\envs\chem508\lib\site-packages\nbclient\client.py", line 918, in _check_raise_for_error
    raise CellExecutionError.from_cell_and_msg(cell, exec_reply_content)
nbclient.exceptions.CellExecutionError: An error occurred while executing the following cell:
------------------
import numpy as np
np.random.seed(5)

def initialize_particles(n_particles, box_size, temperature):
    # Place the particles on a square lattice
    n_side = int(np.ceil(np.sqrt(n_particles)))
    positions = np.zeros((n_particles, 2))
    for i in range(n_particles):
        x = i % n_side + 0.5
        y = i // n_side + 0.5
        positions[i] = [x, y]
    positions = positions * box_size / n_side

    # Give the particles random velocities
    velocities = np.random.uniform(-0.5, 0.5, (n_particles, 2))

    # Calculate the center of mass velocity
    v_com = np.sum(velocities, axis=0) / n_particles

    # Subtract the center of mass velocity from the velocities
    velocities -= v_com

    # Scale the velocities to have the desired temperature
    v2 = np.sum(velocities**2)
    scale_factor = np.sqrt(2 * n_particles * temperature / v2)
    velocities *= scale_factor

    return positions, velocities
------------------


[1;31m---------------------------------------------------------------------------[0m
[1;31mModuleNotFoundError[0m                       Traceback (most recent call last)
Cell [1;32mIn[1], line 1[0m
[1;32m----> 1[0m [38;5;28;01mimport[39;00m[38;5;250m [39m[38;5;21;01mnumpy[39;00m[38;5;250m [39m[38;5;28;01mas[39;00m[38;5;250m [39m[38;5;21;01mnp[39;00m
[0;32m      2[0m np[38;5;241m.[39mrandom[38;5;241m.[39mseed([38;5;241m5[39m)
[0;32m      4[0m [38;5;28;01mdef[39;00m[38;5;250m [39m[38;5;21minitialize_particles[39m(n_particles, box_size, temperature):
[0;32m      5[0m     [38;5;66;03m# Place the particles on a square lattice[39;00m

[1;31mModuleNotFoundError[0m: No module named 'numpy'

